<h1 id="metamut">MetaMut</h1>
<p>MetaMut is a generator to generate semantic aware mutators for testing C/C++ compilers.</p>
<p>Our project has already generated over 200 semantic aware mutators. Leveraging these mutators, we have successfully discovered over 130 bugs in two extensively tested modern C/C++ compilers, namely GCC and Clang.</p>
<p><strong>GCC/Clang Bugs</strong>: We have reported over 130 bugs to GCC/Clang.</p>
<h2 id="run-this-project-via-docker">Run This Project via Docker</h2>
<h3 id="installation">Installation</h3>
<p>To get started, you can pull our Docker image from Docker Hub:</p>
<pre><code>docker pull metamut/metamut:latest
docker run -it metamut /bin/bash</code></pre>
<h3 id="execute-metamut">Execute MetaMut</h3>
<p>To run MetaMut within the Docker container, use the following commands:</p>
<pre><code>cd /root/MetaMut/Core;
# fill in openai key in Core/scripts/configs.py
python3 scripts/main.py --num-mutators=100</code></pre>
<p>The mutators will be generated in the <code>Core/lib/mutators</code> subdirectory.</p>
<h3 id="generated-mutators">Generated Mutators</h3>
<p>You can find the generated mutators as binaries in the Docker image:</p>
<ul>
<li>Supervised Version: <code>/usr/bin/mu.s</code></li>
<li>Unsupervised Version: <code>/usr/bin/mu.u</code></li>
<li>Fused Version: <code>/usr/bin/muss</code></li>
</ul>
<p>List all supported mutators:</p>
<pre><code>$ muss --list-mutators
[
  &quot;AddBitwiseOperator&quot;,
  &quot;AddIntegerArray&quot;,
  &quot;AddNestedLoop&quot;,
  &quot;AddRandomAssignment&quot;,
  &quot;AddRandomConditionalExpr&quot;,
  ...
]</code></pre>
<p>Execute a specific mutator:</p>
<pre><code>$ cat /root/MetaMut/seeds/28507.c
extern void foo (int);

void bar (unsigned long l)
{
    foo(l == 0);
}

$ muss -i /root/MetaMut/seeds/28507.c -mutator s.duplicate-stmt -o -
extern void foo (int);

void bar (unsigned long l)
{
    foo(l == 0);foo(l == 0);
}</code></pre>
<p>Alternatively, run all mutators until a successful mutation occurs:</p>
<pre><code>$ muss --randomly-try-all-mutators -i /root/MetaMut/seeds/28507.c -o - -seed 123
extern void foo (int);

void bar (unsigned long l)
{
    foo(l == 0 &amp; 0);
}</code></pre>
<h3 id="fuzz-compilers">Fuzz Compilers</h3>
<p>To run the fuzzer:</p>
<pre><code>cd /root/MetaMut; mkdir -p workspace; cd workspace
python3 ../fuzzer/run.py -j 4 \
  --repeat-times 10 \
  --duration 86400 \
  --seeds-dir $(pwd)/../seeds \
  --cc-opt=-O2 \
  --wdir $(pwd)</code></pre>
<p><em>note</em>: You may use Docker’s -v option to map a local directory to a directory inside the Docker container (<code>-v local_dir:docker_dir</code>), allowing the fuzzer’s output to be stored on your local machine.</p>
<p>Review the fuzzer’s results with:</p>
<pre><code>cd /root/MetaMut
python3 ../fuzzer/show.py * --summary</code></pre>
<h2 id="run-this-project-on-native-ubuntu-machine">Run This Project on Native Ubuntu Machine</h2>
<h3 id="installation-1">Installation</h3>
<p>To execute MetaMut, we recommend using Ubuntu (version 22.04 or later). Install the required packages using the following commands:</p>
<pre><code>sudo apt-get install llvm-12 llvm-12-dev llvm-12-tools libllvm12  libclang-12-dev
sudo apt-get install cmake gdb gcc g++ python3 python3-pip

sudo pip3 install tiktoken jinja2 openai</code></pre>
<h3 id="execute-metamut-1">Execute MetaMut</h3>
<p>To execute MetaMut, first enter your GPT-4 API key in the <code>configs.py</code> file located at Core/scripts/configs.py.</p>
<p>Afterwards, you can run MetaMut by following these steps:</p>
<pre><code>cd Core;
python3 scripts/main.py --num-mutators=100</code></pre>
<p>In case that openai updated their API, you may use https interface like this:</p>
<pre><code>cd Core;
python3 scripts/main.py --num-mutators=100 --api https.openai</code></pre>
<h3 id="generated-mutators-1">Generated Mutators</h3>
<p>We have also published our generated mutators. You can access it in directory mutators.</p>
<p>To compile these mutators (this step will take 20 to 40 minutes):</p>
<pre><code>cd mutators
mkdir output &amp;&amp; cd output
cmake .. -DLLVM_CONFIG_BINARY=$(which llvm-config-12)
make -j4</code></pre>
<p>After compilation, you can find executable <code>muss</code>, <code>mu.s</code> and <code>mu.u</code> located in <code>mutators/output/</code>.</p>
<p>To run these mutators (take <code>muss</code> as an example):</p>
<pre><code>$ cat input.c
#include &lt;string.h&gt;
int main() {
  return strlen(&quot;123&quot;);
}

$ ./muss --randomly-try-all-mutators -i input.c -o output.c -seed 10293
$ cat output.c
#include &lt;string.h&gt;
int main() {
    return ((strlen(&quot;123&quot;)) | (strlen(&quot;123&quot;)));
}

$ ./muss --randomly-try-all-mutators -i output.c -o output.c -seed 28596
$ cat output.c
#include &lt;stdio.h&gt;
int main() {
  return ((strlen(&quot;123&quot;)) ^ (strlen(&quot;123&quot;)));
}</code></pre>
<p><strong>Crashes and Mis-mutation</strong>: these cases can occur, as most mutators do not involve human interaction, feel free to open a PR.</p>
<h2 id="fuzz-compilers-1">Fuzz Compilers</h2>
<p>Fuzzing scripts are located in the fuzzer directory. For effective fuzzing, instrumented versions of GCC and Clang are required.</p>
<p>You can compile and instrument the compilers using our provided setup.sh script.</p>
<p><strong>Compile and Instrument Compilers</strong></p>
<pre><code># install required packages
sudo apt-get install -y flex bison yacc
sudo apt-get install libllvm15 libclang-15-dev llvm-15-tools
sudo apt-get install gcc-11 g++-11 gcc-11-plugin-dev
sudo pip3 install sysv_ipc numpy psutil six
sudo update-alternatives --install /usr/bin/llvm-config llvm-config $(which llvm-config-12) 999999

# run setup.sh, this may take several hours to finish
export CC_DWNDIR=$(pwd)/compilers
export CC_OBJDIR=$(pwd)/objects
export JOBS=4
bash setup.sh</code></pre>
<p><strong>Seed Programs</strong>: We also collect a large set of seeds (continuously update), you can retrieve them via:</p>
<pre><code>cd MetaMut/..
git clone git@github.com:test-compiler/MetaMutAssets
cd MetaMut
ln -s ../MetaMutAssets/seeds .</code></pre>
<p>After setting up compilers and seeds, run the fuzzer with the following commands:</p>
<pre><code>ulimit -s unlimited # Avoid fake crash caused by deep recursion
ulimit -c 0         # Disable core dumps if your kernel is configured to allow them

mkdir -p workspace; cd workspace
python3 ../fuzzer/run.py -j 4 \
  --wdir $(pwd) \
  --repeat-times 10 \
  --duration 86400 \
  --seeds-dir $(pwd)/../seeds \
  --cc-opt=-O2

# show results
python3 ../fuzzer/show.py * --summary</code></pre>
<p>Options explanation: - <code>-j 4</code>: Utilize up to 4 CPU cores. - <code>--repeat-times 10</code>: Number of fuzzing instances to run for each compiler. - <code>--duration 86400</code>: Each fuzzing instance will use up to 86400 seconds - <code>--seeds-dir</code>: Directory containing seed programs. - <code>--cc-opt</code>: Compiler options to apply during fuzzing, eg. <code>--cc-opt=-O2 --cc-opt=-O3</code> will fuzz <code>-O2</code> and <code>-O3</code></p>
<h2 id="reported-bugs">Reported Bugs</h2>
<h3 id="clang">Clang</h3>
<ul>
<li><a href="https://github.com/llvm/llvm-project/issues/69070">69070</a> - clang: Assertion `StackTop == (unsigned)llvm::popcount(Mask) &amp;&amp; “Live count mismatch”’ failed.</li>
<li><a href="https://github.com/llvm/llvm-project/issues/69202">69202</a> - clang: Assertion `Value != 0 &amp;&amp; “Invalid CPUStr passed to CpuIs”’ failed.</li>
<li><a href="https://github.com/llvm/llvm-project/issues/69212">69212</a> - clang: Assertion `ConstraintID != InlineAsm::ConstraintCode::Unknown &amp;&amp; “Failed to convert memory constraint code to constraint id.”’ failed.</li>
<li><a href="https://github.com/llvm/llvm-project/issues/69217">69217</a> - clang: fatal error: error in backend: register rbp is allocatable: function has no frame pointer</li>
<li><a href="https://github.com/llvm/llvm-project/issues/69347">69347</a> - clang: 18: segment fault in <code>llvm::SelectionDAGISel::CannotYetSelect(llvm::SDNode\*)</code></li>
<li><a href="https://github.com/llvm/llvm-project/issues/69201">69201</a> - clang: fatal error: error in backend: Cannot emit physreg copy instruction</li>
<li><a href="https://github.com/llvm/llvm-project/issues/73109">73109</a> - clang: 18: Assertion `isa<To>(Val) &amp;&amp; “cast<Ty>() argument of incompatible type!”’ failed.</li>
<li><a href="https://github.com/llvm/llvm-project/issues/62984">62984</a> - clang-17 crashes at llvm::SelectionDAGISel::Select_READ_REGISTER</li>
<li><a href="https://github.com/llvm/llvm-project/issues/62987">62987</a> - clangtk fatal error: cannot pop empty stack</li>
<li><a href="https://github.com/llvm/llvm-project/issues/63027">63027</a> - clangtk crashes at ::FPS::processBasicBlock</li>
<li><a href="https://github.com/llvm/llvm-project/issues/63028">63028</a> - clangtk crashes at llvm::X86InstrInfo::copyPhysReg</li>
<li><a href="https://github.com/llvm/llvm-project/issues/63032">63032</a> - <code>clangtk</code> crashes at llvm::SelectionDAGISel::SelectInlineAsmMemoryOperands</li>
<li><a href="https://github.com/llvm/llvm-project/issues/63569">63569</a> - clang crashes when all <code>xmm</code> registers are clobbered</li>
<li><a href="https://github.com/llvm/llvm-project/issues/62997">62997</a> - clang-17 crashes at llvm::SelectionDAG::getNode</li>
<li><a href="https://github.com/llvm/llvm-project/issues/62989">62989</a> - clang-17 crashes at CodeGen::CodeGenFunction::EmitAtomicExpr</li>
<li><a href="https://github.com/llvm/llvm-project/issues/62999">62999</a> - clang-17 crashes at clang::CodeGen::CodeGenFunction::EmitFunctionProlog</li>
<li><a href="https://github.com/llvm/llvm-project/issues/63001">63001</a> - Assertion `S1-&gt;getType() == S2-&gt;getType() &amp;&amp; “Cannot create binary operator with two operands of differing type!”’ failed.</li>
<li><a href="https://github.com/llvm/llvm-project/issues/63002">63002</a> - clangtk: Assertion `!isNull() &amp;&amp; “Cannot retrieve a NULL type pointer”’ failed.</li>
<li><a href="https://github.com/llvm/llvm-project/issues/63516">63516</a> - <code>clangtk</code>: Assertion `isValidGCCRegisterName(Name) &amp;&amp; “Invalid register passed in”’ failed</li>
<li><a href="https://github.com/llvm/llvm-project/issues/63517">63517</a> - <code>clangtk</code>: Assertion `E-&gt;isPRValue() &amp;&amp; E-&gt;getType()-&gt;hasPointerRepresentation()’ failed</li>
<li><a href="https://github.com/llvm/llvm-project/issues/63521">63521</a> - <code>clangtk</code>: Assertion `isa<To>(Val) &amp;&amp; “cast<Ty>() argument of incompatible type!”’ failed.</li>
<li><a href="https://github.com/llvm/llvm-project/issues/63528">63528</a> - <code>clangtk</code>: fatal error: error in backend: Broken function found, compilation aborted!</li>
<li><a href="https://github.com/llvm/llvm-project/issues/63548">63548</a> - clang: Assertion `castIsValid(op, S, Ty) &amp;&amp; “Invalid cast!”’ failed.</li>
<li><a href="https://github.com/llvm/llvm-project/issues/63566">63566</a> - clang: Assertion `Prior-&gt;FD-&gt;hasAttr<NoUniqueAddressAttr>() &amp;&amp; “should not have reused this field’s tail padding”’ failed.</li>
<li><a href="https://github.com/llvm/llvm-project/issues/63568">63568</a> - clang: Assertion `Value != 0 &amp;&amp; “Invalid CPUStr passed to CpuIs”’ failed.</li>
<li><a href="https://github.com/llvm/llvm-project/issues/63601">63601</a> - clang: Assertion `SizeSoFar == Layout-&gt;getSizeInBytes() &amp;&amp; “Layout of constant struct may be incorrect!”’ failed.</li>
<li><a href="https://github.com/llvm/llvm-project/issues/63620">63620</a> - <code>clang</code>: Assertion `E-&gt;isNonOdrUse() != NOUR_Unevaluated &amp;&amp; “should not emit an unevaluated operand”’ failed.</li>
<li><a href="https://github.com/llvm/llvm-project/issues/63943">63943</a> - [OpenMP] clang crashes: UNREACHABLE executed at /root/llvm-project/clang/lib/CodeGen/CGOpenMPRuntime.cpp:251!</li>
<li><a href="https://github.com/llvm/llvm-project/issues/63945">63945</a> - clang: Assertion `!Info.isIncomplete() &amp;&amp; “Access to an object of an incomplete type!”’ failed.</li>
<li><a href="https://github.com/llvm/llvm-project/issues/69054">69054</a> - clang: Assertion `isValidGCCRegisterName(Name) &amp;&amp; “Invalid register passed in”’ failed</li>
<li><a href="https://github.com/llvm/llvm-project/issues/69055">69055</a> - clang: Assertion `IsValid &amp;&amp; “Failed to parse output constraint”’ failed.</li>
<li><a href="https://github.com/llvm/llvm-project/issues/69063">69063</a> - clang: fatal error: error in backend: Broken module found, compilation aborted!</li>
<li><a href="https://github.com/llvm/llvm-project/issues/69066">69066</a> - clang -O1: fatal error: error in backend: Broken module found, compilation aborted!</li>
<li><a href="https://github.com/llvm/llvm-project/issues/69071">69071</a> - clang: Assertion `castIsValid(op, S, Ty) &amp;&amp; “Invalid cast!”’ failed.</li>
<li><a href="https://github.com/llvm/llvm-project/issues/69220">69220</a> - clang: crash at clang::CodeGen::CodeGenFunction::EmitAtomicExpr</li>
<li><a href="https://github.com/llvm/llvm-project/issues/63547">63547</a> - <code>clangtk</code>: Assertion `NumBits &gt;= MIN_INT_BITS &amp;&amp; “bitwidth too small”’ failed.</li>
<li><a href="https://github.com/llvm/llvm-project/issues/63306">63306</a> - <code>clangtk</code>: Assertion `NumBits &lt;= MAX_INT_BITS &amp;&amp; “bitwidth too large”’ failed.</li>
<li><a href="https://github.com/llvm/llvm-project/issues/63550">63550</a> - clang: Assertion `VarSize == CstSize &amp;&amp; “Emitted constant has unexpected size”’ failed.</li>
<li><a href="https://github.com/llvm/llvm-project/issues/63570">63570</a> - <code>clangtk</code> crashes when processing a simple assignment loop wrapped by <code>#pragma omp unroll</code></li>
<li><a href="https://github.com/llvm/llvm-project/issues/69214">69214</a> - [Clang][OpenMP] Assertion `IsRegistered &amp;&amp; “private var already registered as private”’ failed.</li>
<li><a href="https://github.com/llvm/llvm-project/issues/69203">69203</a> - clang: 18: continue to consume memory until OOM</li>
<li><a href="https://github.com/llvm/llvm-project/issues/63004">63004</a> - clangtk assertion failure: clang::QualType clang::FunctionProtoType::getParamType(unsigned int) const: Assertion `i &lt; getNumParams() &amp;&amp; “invalid parameter index”’ failed.</li>
<li><a href="https://github.com/llvm/llvm-project/issues/63518">63518</a> - <code>clangtk</code> crashes at clang::Expr::IgnoreImpCasts</li>
<li><a href="https://github.com/llvm/llvm-project/issues/63527">63527</a> - <code>clangtk</code> crashes at clang::StmtVisitorBase&lt;llvm::make_const_ptr, (anonymous namespace)::StmtProfiler, void&gt;::Visit(clang::Stmt const*)</li>
<li><a href="https://github.com/llvm/llvm-project/issues/63567">63567</a> - clang: Assertion `Diagnosed &amp;&amp; “failed to diagnose bad conversion”’ failed.</li>
<li><a href="https://github.com/llvm/llvm-project/issues/63715">63715</a> - <code>clang-17</code>: Assertion `false &amp;&amp; “Unexpected unary operator!”’ failed.</li>
<li><a href="https://github.com/llvm/llvm-project/issues/69058">69058</a> - clang: UNREACHABLE executed at /root/llvm-project/clang/lib/AST/ASTContext.cpp:10670!</li>
<li><a href="https://github.com/llvm/llvm-project/issues/69064">69064</a> - [Clang][OpenMP] Assertion `Diagnosed &amp;&amp; “failed to diagnose bad conversion”’ failed</li>
<li><a href="https://github.com/llvm/llvm-project/issues/69065">69065</a> - Assertion `Result.isAbsent() &amp;&amp; “local created multiple times”’ failed.</li>
<li><a href="https://github.com/llvm/llvm-project/issues/69084">69084</a> - clang: version 18: Assertion `getNumParams() == params.size() &amp;&amp; “NumParams overflow!”’ failed.</li>
<li><a href="https://github.com/llvm/llvm-project/issues/69205">69205</a> - clang: Assertion `isa<To>(Val) &amp;&amp; “cast<Ty>() argument of incompatible type!”’ failed.</li>
<li><a href="https://github.com/llvm/llvm-project/issues/69208">69208</a> - clang: 18: Crash at clang::Sema::AddAllocAlignAttr(clang::Decl*, clang::AttributeCommonInfo const&amp;, clang::Expr*)</li>
<li><a href="https://github.com/llvm/llvm-project/issues/69213">69213</a> - clang: 18: Assertion `Init &lt; getNumInits() &amp;&amp; “Initializer access out of range!”’ failed.</li>
<li><a href="https://github.com/llvm/llvm-project/issues/69345">69345</a> - clang: 18: Assertion `isStruct() &amp;&amp; “Invalid accessor”’ failed.</li>
<li><a href="https://github.com/llvm/llvm-project/issues/69468">69468</a> - clang: 18: Assertion `getType(Base)-&gt;isPointerType() || getType(Base)-&gt;isArrayType()’ failed.</li>
<li><a href="https://github.com/llvm/llvm-project/issues/69470">69470</a> - clang: Assertion ‘idx &lt; size()’ failed. In function <code>clang::Sema::tryCaptureVariable</code></li>
<li><a href="https://github.com/llvm/llvm-project/issues/69874">69874</a> - clang: 18: Assertion `isLValue()’ failed.</li>
<li><a href="https://github.com/llvm/llvm-project/issues/86904">86904</a> - [Clang][Crash] Assertion failure in Clang 18 when using pre-increment operator on <code>\_Complex double</code> struct fields</li>
<li><a href="https://github.com/llvm/llvm-project/issues/86906">86906</a> - [Clang][Crash] Clang-18 Assertion `iter-&gt;getSecond() &gt;= 0 &amp;&amp; “Found a negative number of references to a VarDecl”’ failed.</li>
<li><a href="https://github.com/llvm/llvm-project/issues/63520">63520</a> - <code>clangtk</code>: Assertion `Block == Succ’ failed.</li>
<li><a href="https://github.com/llvm/llvm-project/issues/69472">69472</a> - clang: 18: Assertion `E-&gt;getType()-&gt;isSpecificBuiltinType(BuiltinType::Overload)’ failed.</li>
<li><a href="https://github.com/llvm/llvm-project/issues/62711">62711</a> - clang-15 crashes on __builtin_va_arg</li>
<li><a href="https://github.com/llvm/llvm-project/issues/63863">63863</a> - <code>clang-17</code>: Assertion `Init-&gt;containsErrors() &amp;&amp; “Dependent code should only occur in error-recovery path.”’ failed.</li>
<li><a href="https://github.com/llvm/llvm-project/issues/69069">69069</a> - [Clang][OpenMP] Assertion `detail::isPresent(Val) &amp;&amp; “dyn_cast on a non-existent value”’ failed.</li>
<li><a href="https://github.com/llvm/llvm-project/issues/69085">69085</a> - [Clang][OpenMP] Assertion `!isNull() &amp;&amp; “Cannot retrieve a NULL type pointer”’ failed.</li>
<li><a href="https://github.com/llvm/llvm-project/issues/69198">69198</a> - [Clang][OpenMP] Assertion `OriginalTy-&gt;isArrayType()’ failed.</li>
<li><a href="https://github.com/llvm/llvm-project/issues/69200">69200</a> - [Clang][OpenMP] Assertion `!isNull() &amp;&amp; “Cannot retrieve a NULL type pointer”’ failed.</li>
<li><a href="https://github.com/llvm/llvm-project/issues/69352">69352</a> - clang: Assertion `NumPositiveBits &lt;= BestWidth &amp;&amp; “How could an initializer get larger than ULL?”’ failed.</li>
<li><a href="https://github.com/llvm/llvm-project/issues/62829">62829</a> - clang-15 hangs on a simple syntax error</li>
<li><a href="https://github.com/llvm/llvm-project/issues/69194">69194</a> - clang: 18: hangs on a simple syntax error</li>
<li><a href="https://github.com/llvm/llvm-project/issues/62830">62830</a> - clang-15 hangs on a valid program</li>
<li><a href="https://github.com/llvm/llvm-project/issues/62834">62834</a> - clang crashes on pointer qualified by __seg_gs when optimization is enabled</li>
<li><a href="https://github.com/llvm/llvm-project/issues/63102">63102</a> - clang-17 crashes at llvm::isPotentiallyReachable</li>
<li><a href="https://github.com/llvm/llvm-project/issues/63762">63762</a> - <code>clang-17</code>: Assertion `IterCnt++ &lt; 1000 &amp;&amp; “Iterative simplification didn’t converge!”’ failed.</li>
<li><a href="https://github.com/llvm/llvm-project/issues/69211">69211</a> - clang: 18: Assertion `ProcessedCount[V] &lt; 100 &amp;&amp; “Seem to have processed the same Value a lot”’ failed.</li>
<li><a href="https://github.com/llvm/llvm-project/issues/69059">69059</a> - clang-18: Assertion `New-&gt;getType() == getType() &amp;&amp; “replaceAllUses of value with new value of different type!”’ failed.</li>
<li><a href="https://github.com/llvm/llvm-project/issues/63304">63304</a> - <code>clangtk</code> hangs when processing expression with deep dependency and type <code>intptr\_t</code></li>
<li><a href="https://github.com/llvm/llvm-project/issues/63307">63307</a> - <code>clangtk</code> hangs when compiling a simple program that involves loading from or storing to array elements</li>
<li><a href="https://github.com/llvm/llvm-project/issues/69090">69090</a> - clang: 18: hangs with a short program in Polly’s runIslScheduleOptimizer</li>
<li><a href="https://github.com/llvm/llvm-project/issues/63305">63305</a> - <code>clangtk</code> crashes at a large floating constant</li>
<li><a href="https://github.com/llvm/llvm-project/issues/69218">69218</a> - clang: trunk: crashes at clang::APValue::printPretty, Assertion `isa<ArrayType>(CanonicalType)’ failed.</li>
</ul>
<h3 id="gcc">GCC</h3>
<ul>
<li><a href="https://gcc.gnu.org/bugzilla/show_bug.cgi?id=110500">110500</a> - gcc: internal compiler error: tree check: expected class ‘type’, have ‘exceptional’ (error_mark) in c_parser_omp_clause_allocate</li>
<li><a href="https://gcc.gnu.org/bugzilla/show_bug.cgi?id=110575">110575</a> - gcc: internal compiler error: tree check: expected class ‘type’, have ‘exceptional’ (error_mark) in build_aligned_type</li>
<li><a href="https://gcc.gnu.org/bugzilla/show_bug.cgi?id=110603">110603</a> - [14 Regression] GCC, ICE: internal compiler error: in verify_range, at value-range.cc:1104 since r14-255</li>
<li><a href="https://gcc.gnu.org/bugzilla/show_bug.cgi?id=110667">110667</a> - gcc-14, ICE: internal compiler error: in replace_reg, at reg-stack.cc:722</li>
<li><a href="https://gcc.gnu.org/bugzilla/show_bug.cgi?id=110682">110682</a> - [12/13/14/15 Regression] ICE: internal compiler error: in gimplify_expr after error</li>
<li><a href="https://gcc.gnu.org/bugzilla/show_bug.cgi?id=110693">110693</a> - internal compiler error: Segmentation fault with invalid gimple</li>
<li><a href="https://gcc.gnu.org/bugzilla/show_bug.cgi?id=110699">110699</a> - [12/13/14 Regression] internal compiler error: tree check: expected array_type, have error_mark in array_ref_low_bound, at tree.cc:12754</li>
<li><a href="https://gcc.gnu.org/bugzilla/show_bug.cgi?id=110736">110736</a> - gcc: internal compiler error: in change_stack, at reg-stack.cc:2709</li>
<li><a href="https://gcc.gnu.org/bugzilla/show_bug.cgi?id=110737">110737</a> - GCC: internal compiler error: Segmentation fault when processing __builtin_isinf and _Atomic long double together</li>
<li><a href="https://gcc.gnu.org/bugzilla/show_bug.cgi?id=111809">111809</a> - gimpleFE: unreferenced inline function with _GIMPLE(ssa) definition causes ICE</li>
<li><a href="https://gcc.gnu.org/bugzilla/show_bug.cgi?id=111810">111810</a> - rtlFE: nested inline RTL function cause ICE</li>
<li><a href="https://gcc.gnu.org/bugzilla/show_bug.cgi?id=111811">111811</a> - [14/15 Regression] ICE with vector float bitfield after error</li>
<li><a href="https://gcc.gnu.org/bugzilla/show_bug.cgi?id=111816">111816</a> - [gimple FE] ICE with _GIMPLE(ssa) and 2 returns</li>
<li><a href="https://gcc.gnu.org/bugzilla/show_bug.cgi?id=111817">111817</a> - ICE in expand_asm_stmt with invalid characters in inline-asm output operands</li>
<li><a href="https://gcc.gnu.org/bugzilla/show_bug.cgi?id=111818">111818</a> - [11 Regression] ICE with __builtin_memcpy with volatile and constants</li>
<li><a href="https://gcc.gnu.org/bugzilla/show_bug.cgi?id=111819">111819</a> - GCC: 14: internal compiler error: in fold_offsetof, at c-family/c-common.cc:6877</li>
<li><a href="https://gcc.gnu.org/bugzilla/show_bug.cgi?id=111820">111820</a> - [13 Regression] Compiler time hog in the vectorizer with <code>-O3 -fno-tree-vrp</code></li>
<li><a href="https://gcc.gnu.org/bugzilla/show_bug.cgi?id=111821">111821</a> - [11/12/13/14/15 Regression] OOM with packed struct and stack variable with copy</li>
<li><a href="https://gcc.gnu.org/bugzilla/show_bug.cgi?id=111833">111833</a> - [13/14 Regression] GCC: 14: hangs on a simple for loop</li>
<li><a href="https://gcc.gnu.org/bugzilla/show_bug.cgi?id=111834">111834</a> - GCC: 14: out of memory when __builtin_return_address receive a large constant</li>
<li><a href="https://gcc.gnu.org/bugzilla/show_bug.cgi?id=111836">111836</a> - ICE with undefined types and undefined variables with _GIMPLE and starting at ssa</li>
<li><a href="https://gcc.gnu.org/bugzilla/show_bug.cgi?id=111855">111855</a> - GCC: 14: internal compiler error: tree check: expected class ‘type’, have ‘exceptional’ (error_mark) in useless_type_conversion_p, at gimple-expr.cc:265</li>
<li><a href="https://gcc.gnu.org/bugzilla/show_bug.cgi?id=111856">111856</a> - ICE with return type of typedef of void and <code>#pragma omp declare simd</code></li>
<li><a href="https://gcc.gnu.org/bugzilla/show_bug.cgi?id=111862">111862</a> - GCC: internal compiler error: tree check: expected class ‘type’, have ‘exceptional’ (error_mark) in c_parser_omp_clause_reduction, at c/c-parser.cc:16234</li>
<li><a href="https://gcc.gnu.org/bugzilla/show_bug.cgi?id=111865">111865</a> - [11/12/13/14 Regression] ICE with register decl and extern decl with the same asm name</li>
<li><a href="https://gcc.gnu.org/bugzilla/show_bug.cgi?id=111882">111882</a> - [13 Regression] : internal compiler error: in get_expr_operand in ifcvt with Variable length arrays and bitfields inside a struct</li>
<li><a href="https://gcc.gnu.org/bugzilla/show_bug.cgi?id=111911">111911</a> - [11/12/13 Regression] ICE with integer overflow converting to _Bool</li>
<li><a href="https://gcc.gnu.org/bugzilla/show_bug.cgi?id=111912">111912</a> - internal compile error when apply __transaction_atomic on logical or expr</li>
<li><a href="https://gcc.gnu.org/bugzilla/show_bug.cgi?id=111913">111913</a> - [14 Regression] ICE with __builtin_popcount(X) + __builtin_popcount(Y) simplification</li>
<li><a href="https://gcc.gnu.org/bugzilla/show_bug.cgi?id=111914">111914</a> - ICE with function pointer array as argument with non-constant size</li>
<li><a href="https://gcc.gnu.org/bugzilla/show_bug.cgi?id=111915">111915</a> - [14 Regression] ICE in vect with option <code>-O2 -fno-tree-vrp -fno-tree-dominator-opts -fno-tree-ccp</code> since r14-2117-gdd86a5a69cbda4</li>
<li><a href="https://gcc.gnu.org/bugzilla/show_bug.cgi?id=111921">111921</a> - [11/12/13/14/15 Regression] ICE with nested function after an error since r6-205-g5c4abbb8e80153</li>
<li><a href="https://gcc.gnu.org/bugzilla/show_bug.cgi?id=111922">111922</a> - [11/12/13/14 Regression] ICE in cp with -O2 -fno-tree-fre</li>
<li><a href="https://gcc.gnu.org/bugzilla/show_bug.cgi?id=112487">112487</a> - [11/12/13 Regression] ICE in setup_one_parameter with conflicting types</li>
<li><a href="https://gcc.gnu.org/bugzilla/show_bug.cgi?id=112488">112488</a> - [14 Regression] ICE in make_ssa_name_fn with VLA inside type and inlining since r14-1142</li>
<li><a href="https://gcc.gnu.org/bugzilla/show_bug.cgi?id=112489">112489</a> - GCC: 14: internal compiler error: in check_loop_closed_ssa_def, at tree-ssa-loop-manip.cc:647</li>
<li><a href="https://gcc.gnu.org/bugzilla/show_bug.cgi?id=112493">112493</a> - [11/12/13/14/15 Regression] ICE in verify_sra_access_forest with scalar_storage_order</li>
<li><a href="https://gcc.gnu.org/bugzilla/show_bug.cgi?id=112494">112494</a> - ICE in ix86_cc_mode, at config/i386/i386.cc:16477</li>
<li><a href="https://gcc.gnu.org/bugzilla/show_bug.cgi?id=112495">112495</a> - [11 Regression] ICE: verify_gimple failed (after vectorizer) with named address space (__seg_gs )</li>
<li><a href="https://gcc.gnu.org/bugzilla/show_bug.cgi?id=112496">112496</a> - [13/14 Regression] ICE: in vectorizable_nonlinear_induction, at tree-vect-loop.cc with bit fields</li>
<li><a href="https://gcc.gnu.org/bugzilla/show_bug.cgi?id=112499">112499</a> - [11/12/13/14 Regression] ICE in output_operand: invalid expression as operand with addition of 2 differences of address of labels</li>
<li><a href="https://gcc.gnu.org/bugzilla/show_bug.cgi?id=112500">112500</a> - GCC: 14: internal compiler error: in expand_asm_stmt, at cfgexpand.cc:3419</li>
<li><a href="https://gcc.gnu.org/bugzilla/show_bug.cgi?id=112501">112501</a> - ICE in extract_insn, at recog.cc:2804 with __builtin_speculation_safe_value with short type on x86_64</li>
<li><a href="https://gcc.gnu.org/bugzilla/show_bug.cgi?id=112502">112502</a> - GCC: 14: internal compiler error: in get_predictor_value, at predict.cc:2695</li>
<li><a href="https://gcc.gnu.org/bugzilla/show_bug.cgi?id=112503">112503</a> - GCC: 14: internal compiler error: Segmentation fault at gsi_start_edge(edge_def*)</li>
<li><a href="https://gcc.gnu.org/bugzilla/show_bug.cgi?id=112504">112504</a> - ICE in operand_equal_p, at fold-const.cc:3313 with function return struct containing an array and comparing the array to the same thing</li>
<li><a href="https://gcc.gnu.org/bugzilla/show_bug.cgi?id=112505">112505</a> - [11 Regression] internal compiler error: in build_vector_from_val, at tree.cc:2104 since r10-4076</li>
<li><a href="https://gcc.gnu.org/bugzilla/show_bug.cgi?id=112509">112509</a> - [14 Regression] internal compiler error: in verify_range, at value-range.cc:1132</li>
<li><a href="https://gcc.gnu.org/bugzilla/show_bug.cgi?id=112511">112511</a> - ICE in type_contains_placeholder_1: SRA vs _BitInt</li>
<li><a href="https://gcc.gnu.org/bugzilla/show_bug.cgi?id=112512">112512</a> - ICE in lra_split_hard_reg_for, at lra-assigns.cc:1861 with using RAX as global register</li>
<li><a href="https://gcc.gnu.org/bugzilla/show_bug.cgi?id=114203">114203</a> - [13 Regression] Miscompilation: A possible miscompilation in GCC 13 and 14 with option -Os</li>
<li><a href="https://gcc.gnu.org/bugzilla/show_bug.cgi?id=114206">114206</a> - [11/12/13/14/15 Regression] recursive function call vs local variable addresses</li>
<li><a href="https://gcc.gnu.org/bugzilla/show_bug.cgi?id=114207">114207</a> - [12/13/14/15 Regression] modref gets confused by vecotorized code <code>-O3 -fno-tree-forwprop</code> since r12-5439</li>
</ul>
